{
    "timestamp": "2022-08-03 04:19:32.976604",
    "git": "8acc0128",
    "args": {
        "domain_name": "walker",
        "task_name": "walk",
        "frame_stack": 3,
        "action_repeat": 4,
        "episode_length": 1000,
        "train_mode": "train",
        "train_distracting_cs_intensity": 0.0,
        "algorithm": "drq",
        "train_steps": 10000,
        "discount": 0.99,
        "init_steps": 1000,
        "batch_size": 128,
        "hidden_dim": 1024,
        "actor_lr": 0.001,
        "actor_beta": 0.9,
        "actor_log_std_min": -10,
        "actor_log_std_max": 2,
        "actor_update_freq": 2,
        "critic_lr": 0.001,
        "critic_beta": 0.9,
        "critic_tau": 0.01,
        "critic_target_update_freq": 2,
        "num_shared_layers": 11,
        "num_head_layers": 0,
        "num_filters": 32,
        "projection_dim": 100,
        "encoder_tau": 0.05,
        "init_temperature": 0.1,
        "alpha_lr": 0.0001,
        "alpha_beta": 0.5,
        "aux_lr": 0.001,
        "aux_beta": 0.9,
        "aux_update_freq": 2,
        "soda_batch_size": 256,
        "soda_tau": 0.005,
        "svea_alpha": 0.5,
        "svea_beta": 0.5,
        "use_overlay": false,
        "drq_k": 1,
        "drq_m": 1,
        "data_aug": "identity",
        "save_freq": 2000,
        "eval_freq": 10000,
        "eval_episodes": 1,
        "eval_episodes_final_step": 30,
        "eval_mode": "color_hard",
        "distracting_cs_intensity": 0.0,
        "id": "with_buffer",
        "seed": 0,
        "log_dir": "logs",
        "config_path": null,
        "save_video": false,
        "save_buffer": true,
        "continue_train": false,
        "test_code_mode": false,
        "image_size": 84,
        "image_crop_size": 84,
        "train_date": "08-03-22"
    }
}